<?xml version="1.0" encoding="UTF-8"?>
<!-- Generated by org.testng.reporters.JUnitXMLReporter -->
<testsuite ignored="0" hostname="Rohits-MacBook-Pro.local" failures="0" tests="7" name="Assessment Test" time="144.215" errors="0" timestamp="2025-02-17T15:26:12 ACDT">
  <testcase classname="tests.AssessmentTest" name="verifyMandatoryField" time="5.543"/>
  <testcase classname="tests.AssessmentTest" name="verifySuccessfullSubmission" time="8.719"/>
  <testcase classname="tests.AssessmentTest" name="verifySuccessfullSubmission" time="6.929"/>
  <testcase classname="tests.AssessmentTest" name="verifySuccessfullSubmission" time="21.173"/>
  <testcase classname="tests.AssessmentTest" name="verifySuccessfullSubmission" time="8.103"/>
  <testcase classname="tests.AssessmentTest" name="verifySuccessfullSubmission" time="8.969"/>
  <testcase classname="tests.AssessmentTest" name="verifyTotalAmount" time="11.046"/>
</testsuite> <!-- Assessment Test -->
