<?xml version="1.0" encoding="UTF-8"?>
<!-- Generated by org.testng.reporters.JUnitXMLReporter -->
<testsuite ignored="0" hostname="Rohits-MacBook-Pro.local" failures="0" tests="7" name="Assessment Test" time="147.494" errors="0" timestamp="2025-02-17T05:07:40 ACDT">
  <testcase classname="tests.AssessmentTest" name="verifyMandatoryField" time="5.165"/>
  <testcase classname="tests.AssessmentTest" name="verifySuccessfullSubmission" time="11.691"/>
  <testcase classname="tests.AssessmentTest" name="verifySuccessfullSubmission" time="6.827"/>
  <testcase classname="tests.AssessmentTest" name="verifySuccessfullSubmission" time="17.916"/>
  <testcase classname="tests.AssessmentTest" name="verifySuccessfullSubmission" time="7.076"/>
  <testcase classname="tests.AssessmentTest" name="verifySuccessfullSubmission" time="15.874"/>
  <testcase classname="tests.AssessmentTest" name="verifyTotalAmount" time="6.929"/>
</testsuite> <!-- Assessment Test -->
