<?xml version="1.0" encoding="UTF-8"?>
<testng-results ignored="0" total="1" passed="1" failed="0" skipped="0">
  <reporter-output>
  </reporter-output>
  <suite started-at="2025-02-17T04:39:22 ACDT" name="Suite" finished-at="2025-02-17T04:39:39 ACDT" duration-ms="17271">
    <groups>
    </groups>
    <test started-at="2025-02-17T04:39:22 ACDT" name="Assessment Test" finished-at="2025-02-17T04:39:39 ACDT" duration-ms="17271">
      <class name="tests.AssessmentTest">
        <test-method is-config="true" signature="setUp()[pri:0, instance:tests.AssessmentTest@4659191b]" started-at="2025-02-17T04:39:22 ACDT" name="setUp" finished-at="2025-02-17T04:39:32 ACDT" duration-ms="10755" status="PASS">
          <reporter-output>
          </reporter-output>
        </test-method> <!-- setUp -->
        <test-method signature="verifyTotalAmount()[pri:0, instance:tests.AssessmentTest@4659191b]" started-at="2025-02-17T04:39:32 ACDT" name="verifyTotalAmount" description="Test 3" finished-at="2025-02-17T04:39:39 ACDT" duration-ms="6444" status="PASS">
          <reporter-output>
          </reporter-output>
        </test-method> <!-- verifyTotalAmount -->
        <test-method is-config="true" signature="tearDown()[pri:0, instance:tests.AssessmentTest@4659191b]" started-at="2025-02-17T04:39:39 ACDT" name="tearDown" finished-at="2025-02-17T04:39:39 ACDT" duration-ms="4" status="PASS">
          <reporter-output>
          </reporter-output>
        </test-method> <!-- tearDown -->
      </class> <!-- tests.AssessmentTest -->
    </test> <!-- Assessment Test -->
  </suite> <!-- Suite -->
</testng-results>
