<?xml version="1.0" encoding="UTF-8"?>
<testng-results ignored="0" total="7" passed="7" failed="0" skipped="0">
  <reporter-output>
  </reporter-output>
  <suite started-at="2025-02-17T05:05:12 ACDT" name="Suite" finished-at="2025-02-17T05:07:40 ACDT" duration-ms="147494">
    <groups>
    </groups>
    <test started-at="2025-02-17T05:05:12 ACDT" name="Assessment Test" finished-at="2025-02-17T05:07:40 ACDT" duration-ms="147494">
      <class name="tests.AssessmentTest">
        <test-method is-config="true" signature="setUp()[pri:0, instance:tests.AssessmentTest@4b0d79fc]" started-at="2025-02-17T05:05:12 ACDT" name="setUp" finished-at="2025-02-17T05:05:25 ACDT" duration-ms="12487" status="PASS">
          <reporter-output>
          </reporter-output>
        </test-method> <!-- setUp -->
        <test-method signature="verifyMandatoryField()[pri:0, instance:tests.AssessmentTest@4b0d79fc]" started-at="2025-02-17T05:05:25 ACDT" name="verifyMandatoryField" description="Test 1" finished-at="2025-02-17T05:05:30 ACDT" duration-ms="5165" status="PASS">
          <reporter-output>
          </reporter-output>
        </test-method> <!-- verifyMandatoryField -->
        <test-method is-config="true" signature="tearDown()[pri:0, instance:tests.AssessmentTest@4b0d79fc]" started-at="2025-02-17T05:05:30 ACDT" name="tearDown" finished-at="2025-02-17T05:05:30 ACDT" duration-ms="4" status="PASS">
          <reporter-output>
          </reporter-output>
        </test-method> <!-- tearDown -->
        <test-method is-config="true" signature="setUp()[pri:0, instance:tests.AssessmentTest@4b0d79fc]" started-at="2025-02-17T05:05:30 ACDT" name="setUp" finished-at="2025-02-17T05:05:39 ACDT" duration-ms="9429" status="PASS">
          <reporter-output>
          </reporter-output>
        </test-method> <!-- setUp -->
        <test-method signature="verifySuccessfullSubmission(java.lang.String,java.lang.String,java.lang.String)[pri:0, instance:tests.AssessmentTest@4b0d79fc]" started-at="2025-02-17T05:05:39 ACDT" name="verifySuccessfullSubmission" description="Test 2" data-provider="data-provider" finished-at="2025-02-17T05:05:51 ACDT" duration-ms="11691" status="PASS">
          <params>
            <param index="0">
              <value>
                <![CDATA[rohit1]]>
              </value>
            </param>
            <param index="1">
              <value>
                <![CDATA[rohit1@test.com]]>
              </value>
            </param>
            <param index="2">
              <value>
                <![CDATA[message1]]>
              </value>
            </param>
          </params>
          <reporter-output>
          </reporter-output>
        </test-method> <!-- verifySuccessfullSubmission -->
        <test-method is-config="true" signature="tearDown()[pri:0, instance:tests.AssessmentTest@4b0d79fc]" started-at="2025-02-17T05:05:51 ACDT" name="tearDown" finished-at="2025-02-17T05:05:51 ACDT" duration-ms="0" status="PASS">
          <reporter-output>
          </reporter-output>
        </test-method> <!-- tearDown -->
        <test-method is-config="true" signature="setUp()[pri:0, instance:tests.AssessmentTest@4b0d79fc]" started-at="2025-02-17T05:05:51 ACDT" name="setUp" finished-at="2025-02-17T05:06:01 ACDT" duration-ms="9450" status="PASS">
          <reporter-output>
          </reporter-output>
        </test-method> <!-- setUp -->
        <test-method signature="verifySuccessfullSubmission(java.lang.String,java.lang.String,java.lang.String)[pri:0, instance:tests.AssessmentTest@4b0d79fc]" started-at="2025-02-17T05:06:01 ACDT" name="verifySuccessfullSubmission" description="Test 2" data-provider="data-provider" finished-at="2025-02-17T05:06:07 ACDT" duration-ms="6827" status="PASS">
          <params>
            <param index="0">
              <value>
                <![CDATA[rohit2]]>
              </value>
            </param>
            <param index="1">
              <value>
                <![CDATA[rohit2@test.com]]>
              </value>
            </param>
            <param index="2">
              <value>
                <![CDATA[message2]]>
              </value>
            </param>
          </params>
          <reporter-output>
          </reporter-output>
        </test-method> <!-- verifySuccessfullSubmission -->
        <test-method is-config="true" signature="tearDown()[pri:0, instance:tests.AssessmentTest@4b0d79fc]" started-at="2025-02-17T05:06:07 ACDT" name="tearDown" finished-at="2025-02-17T05:06:07 ACDT" duration-ms="2" status="PASS">
          <reporter-output>
          </reporter-output>
        </test-method> <!-- tearDown -->
        <test-method is-config="true" signature="setUp()[pri:0, instance:tests.AssessmentTest@4b0d79fc]" started-at="2025-02-17T05:06:07 ACDT" name="setUp" finished-at="2025-02-17T05:06:18 ACDT" duration-ms="10977" status="PASS">
          <reporter-output>
          </reporter-output>
        </test-method> <!-- setUp -->
        <test-method signature="verifySuccessfullSubmission(java.lang.String,java.lang.String,java.lang.String)[pri:0, instance:tests.AssessmentTest@4b0d79fc]" started-at="2025-02-17T05:06:18 ACDT" name="verifySuccessfullSubmission" description="Test 2" data-provider="data-provider" finished-at="2025-02-17T05:06:36 ACDT" duration-ms="17916" status="PASS">
          <params>
            <param index="0">
              <value>
                <![CDATA[rohit3]]>
              </value>
            </param>
            <param index="1">
              <value>
                <![CDATA[rohit3@test.com]]>
              </value>
            </param>
            <param index="2">
              <value>
                <![CDATA[message3]]>
              </value>
            </param>
          </params>
          <reporter-output>
          </reporter-output>
        </test-method> <!-- verifySuccessfullSubmission -->
        <test-method is-config="true" signature="tearDown()[pri:0, instance:tests.AssessmentTest@4b0d79fc]" started-at="2025-02-17T05:06:36 ACDT" name="tearDown" finished-at="2025-02-17T05:06:36 ACDT" duration-ms="1" status="PASS">
          <reporter-output>
          </reporter-output>
        </test-method> <!-- tearDown -->
        <test-method is-config="true" signature="setUp()[pri:0, instance:tests.AssessmentTest@4b0d79fc]" started-at="2025-02-17T05:06:36 ACDT" name="setUp" finished-at="2025-02-17T05:06:47 ACDT" duration-ms="11180" status="PASS">
          <reporter-output>
          </reporter-output>
        </test-method> <!-- setUp -->
        <test-method signature="verifySuccessfullSubmission(java.lang.String,java.lang.String,java.lang.String)[pri:0, instance:tests.AssessmentTest@4b0d79fc]" started-at="2025-02-17T05:06:47 ACDT" name="verifySuccessfullSubmission" description="Test 2" data-provider="data-provider" finished-at="2025-02-17T05:06:55 ACDT" duration-ms="7076" status="PASS">
          <params>
            <param index="0">
              <value>
                <![CDATA[rohit4]]>
              </value>
            </param>
            <param index="1">
              <value>
                <![CDATA[rohit4@test.com]]>
              </value>
            </param>
            <param index="2">
              <value>
                <![CDATA[message4]]>
              </value>
            </param>
          </params>
          <reporter-output>
          </reporter-output>
        </test-method> <!-- verifySuccessfullSubmission -->
        <test-method is-config="true" signature="tearDown()[pri:0, instance:tests.AssessmentTest@4b0d79fc]" started-at="2025-02-17T05:06:55 ACDT" name="tearDown" finished-at="2025-02-17T05:06:55 ACDT" duration-ms="1" status="PASS">
          <reporter-output>
          </reporter-output>
        </test-method> <!-- tearDown -->
        <test-method is-config="true" signature="setUp()[pri:0, instance:tests.AssessmentTest@4b0d79fc]" started-at="2025-02-17T05:06:55 ACDT" name="setUp" finished-at="2025-02-17T05:07:06 ACDT" duration-ms="11285" status="PASS">
          <reporter-output>
          </reporter-output>
        </test-method> <!-- setUp -->
        <test-method signature="verifySuccessfullSubmission(java.lang.String,java.lang.String,java.lang.String)[pri:0, instance:tests.AssessmentTest@4b0d79fc]" started-at="2025-02-17T05:07:06 ACDT" name="verifySuccessfullSubmission" description="Test 2" data-provider="data-provider" finished-at="2025-02-17T05:07:22 ACDT" duration-ms="15874" status="PASS">
          <params>
            <param index="0">
              <value>
                <![CDATA[rohit5]]>
              </value>
            </param>
            <param index="1">
              <value>
                <![CDATA[rohit5@test.com]]>
              </value>
            </param>
            <param index="2">
              <value>
                <![CDATA[message5]]>
              </value>
            </param>
          </params>
          <reporter-output>
          </reporter-output>
        </test-method> <!-- verifySuccessfullSubmission -->
        <test-method is-config="true" signature="tearDown()[pri:0, instance:tests.AssessmentTest@4b0d79fc]" started-at="2025-02-17T05:07:22 ACDT" name="tearDown" finished-at="2025-02-17T05:07:22 ACDT" duration-ms="1" status="PASS">
          <reporter-output>
          </reporter-output>
        </test-method> <!-- tearDown -->
        <test-method is-config="true" signature="setUp()[pri:0, instance:tests.AssessmentTest@4b0d79fc]" started-at="2025-02-17T05:07:22 ACDT" name="setUp" finished-at="2025-02-17T05:07:33 ACDT" duration-ms="11065" status="PASS">
          <reporter-output>
          </reporter-output>
        </test-method> <!-- setUp -->
        <test-method signature="verifyTotalAmount()[pri:0, instance:tests.AssessmentTest@4b0d79fc]" started-at="2025-02-17T05:07:33 ACDT" name="verifyTotalAmount" description="Test 3" finished-at="2025-02-17T05:07:40 ACDT" duration-ms="6929" status="PASS">
          <reporter-output>
          </reporter-output>
        </test-method> <!-- verifyTotalAmount -->
        <test-method is-config="true" signature="tearDown()[pri:0, instance:tests.AssessmentTest@4b0d79fc]" started-at="2025-02-17T05:07:40 ACDT" name="tearDown" finished-at="2025-02-17T05:07:40 ACDT" duration-ms="2" status="PASS">
          <reporter-output>
          </reporter-output>
        </test-method> <!-- tearDown -->
      </class> <!-- tests.AssessmentTest -->
    </test> <!-- Assessment Test -->
  </suite> <!-- Suite -->
</testng-results>
